<?xml version="1.0" encoding="UTF-8"?>
<!-- Generated by org.testng.reporters.JUnitXMLReporter -->
<testsuite ignored="0" hostname="gvig-macbookpro1.roam.corp.google.com" failures="1" tests="3" name="Test" time="69.958" errors="0" timestamp="2024-09-06T08:19:04 IST">
  <testcase classname="testCases.LoginTest" name="verifyLogin" time="10.037"/>
  <testcase classname="testCases.LoginTest" name="verifyLogin" time="24.271"/>
  <testcase classname="testCases.AccRegTest" name="newAccRegTest" time="12.686">
    <failure type="java.lang.AssertionError" message="expected:&amp;lt;Your Account Has Been Created!&amp;gt; but was:&amp;lt;Your Account Has Been Created!!&amp;gt;">
      <![CDATA[java.lang.AssertionError: expected:<Your Account Has Been Created!> but was:<Your Account Has Been Created!!>
at testCases.AccRegTest.newAccRegTest(AccRegTest.java:35)
at java.base/java.util.ArrayList.forEach(ArrayList.java:1597)
... Removed 27 stack frames]]>
    </failure>
  </testcase> <!-- newAccRegTest -->
</testsuite> <!-- Test -->
